// 重构日志: 9d42a089
// 重构日志: ac661eaf
// 重构日志: 1d8dd5c6
// 重构日志: 0aaab6dd
// 同步 ID: 754b92ad @ Thu Jun 11 13:25:56 UTC 2026
// 重构日志: 4f46aef5
// 重构日志: 33fde6c2
// 同步 ID: 7280fcf6 @ Sat Jun 13 16:07:00 UTC 2026
// 同步 ID: 40f42764 @ Sat Jun 13 20:59:39 UTC 2026
// 重构日志: 9ff132f0
// 重构日志: a3f48f5a
// 同步 ID: fffff8f1 @ Thu Jun 18 12:56:50 UTC 2026
// 重构日志: 130a5ddc
// 重构日志: 3250ee26
// 同步 ID: 5676ffd5 @ Sun Jun 21 09:20:57 UTC 2026
// 同步 ID: 88028a05 @ Sun Jun 21 14:24:48 UTC 2026
// 同步 ID: a44f8065 @ Tue Jun 23 00:19:46 UTC 2026
// 重构日志: f97f4218
// 重构日志: 70b525b9
// 重构日志: cf5fcdb9
// 重构日志: 0ecca5d5
// 重构日志: 142a276d
// 重构日志: 90cd6276
// 同步 ID: ca891241 @ Thu Jun 25 08:31:28 UTC 2026
// 同步 ID: 81aface9 @ Thu Jun 25 12:33:24 UTC 2026
// 重构日志: 57a8f0d2
// 重构日志: 93b251d7
// 重构日志: 92d53ab8
// 重构日志: e9b28888
// 同步 ID: aaeac78d @ Sat Jun 27 17:21:45 UTC 2026
// 重构日志: c71ff800
